[debug] [2022-02-13T19:12:58.344Z] ----------------------------------------------------------------------
[debug] [2022-02-13T19:12:58.345Z] Command:       C:\Program Files\nodejs\node.exe C:\Users\amang\AppData\Roaming\npm\node_modules\firebase-tools\lib\bin\firebase.js deploy
[debug] [2022-02-13T19:12:58.346Z] CLI Version:   10.2.0
[debug] [2022-02-13T19:12:58.346Z] Platform:      win32
[debug] [2022-02-13T19:12:58.346Z] Node Version:  v16.13.2
[debug] [2022-02-13T19:12:58.347Z] Time:          Mon Feb 14 2022 00:42:58 GMT+0530 (India Standard Time)
[debug] [2022-02-13T19:12:58.347Z] ----------------------------------------------------------------------
[debug] 
[debug] [2022-02-13T19:12:58.411Z] > command requires scopes: ["email","openid","https://www.googleapis.com/auth/cloudplatformprojects.readonly","https://www.googleapis.com/auth/firebase","https://www.googleapis.com/auth/cloud-platform"]
[debug] [2022-02-13T19:12:58.411Z] > authorizing via signed-in user (amangotpro@gmail.com)
[debug] [2022-02-13T19:12:58.412Z] [iam] checking project tesla-fffa2 for permissions ["firebase.projects.get","firebasehosting.sites.update"]
[debug] [2022-02-13T19:12:58.414Z] >>> [apiv2][query] POST https://cloudresourcemanager.googleapis.com/v1/projects/tesla-fffa2:testIamPermissions [none]
[debug] [2022-02-13T19:12:58.414Z] >>> [apiv2][body] POST https://cloudresourcemanager.googleapis.com/v1/projects/tesla-fffa2:testIamPermissions {"permissions":["firebase.projects.get","firebasehosting.sites.update"]}
[debug] [2022-02-13T19:13:00.162Z] <<< [apiv2][status] POST https://cloudresourcemanager.googleapis.com/v1/projects/tesla-fffa2:testIamPermissions 200
[debug] [2022-02-13T19:13:00.162Z] <<< [apiv2][body] POST https://cloudresourcemanager.googleapis.com/v1/projects/tesla-fffa2:testIamPermissions {"permissions":["firebase.projects.get","firebasehosting.sites.update"]}
[debug] [2022-02-13T19:13:00.164Z] >>> [apiv2][query] GET https://firebase.googleapis.com/v1beta1/projects/tesla-fffa2 [none]
[debug] [2022-02-13T19:13:01.011Z] <<< [apiv2][status] GET https://firebase.googleapis.com/v1beta1/projects/tesla-fffa2 200
[debug] [2022-02-13T19:13:01.012Z] <<< [apiv2][body] GET https://firebase.googleapis.com/v1beta1/projects/tesla-fffa2 {"projectId":"tesla-fffa2","projectNumber":"651975154551","displayName":"Tesla","name":"projects/tesla-fffa2","resources":{"hostingSite":"tesla-fffa2"},"state":"ACTIVE"}
[info] 
[info] === Deploying to 'tesla-fffa2'...
[info] 
[info] i  deploying hosting 
[debug] [2022-02-13T19:13:01.025Z] > refreshing access token with scopes: ["email","https://www.googleapis.com/auth/cloud-platform","https://www.googleapis.com/auth/cloudplatformprojects.readonly","https://www.googleapis.com/auth/firebase","openid"]
[debug] [2022-02-13T19:13:01.025Z] >>> HTTP REQUEST POST https://www.googleapis.com/oauth2/v3/token  
 <request body omitted>
[debug] [2022-02-13T19:13:01.443Z] <<< HTTP RESPONSE 200 {"cache-control":"no-cache, no-store, max-age=0, must-revalidate","pragma":"no-cache","expires":"Mon, 01 Jan 1990 00:00:00 GMT","date":"Sun, 13 Feb 2022 19:13:03 GMT","content-type":"application/json; charset=utf-8","vary":"X-Origin, Referer, Origin,Accept-Encoding","server":"scaffolding on HTTPServer2","x-xss-protection":"0","x-frame-options":"SAMEORIGIN","x-content-type-options":"nosniff","alt-svc":"h3=\":443\"; ma=2592000,h3-29=\":443\"; ma=2592000,h3-Q050=\":443\"; ma=2592000,h3-Q046=\":443\"; ma=2592000,h3-Q043=\":443\"; ma=2592000,quic=\":443\"; ma=2592000; v=\"46,43\"","accept-ranges":"none","transfer-encoding":"chunked"}
[debug] [2022-02-13T19:13:01.455Z] >>> HTTP REQUEST POST https://firebasehosting.googleapis.com/v1beta1/sites/tesla-fffa2/versions  
 {"config":{"rewrites":[{"glob":"**","path":"/index.html"}]},"labels":{"deployment-tool":"cli-firebase"}}
[debug] [2022-02-13T19:13:03.562Z] <<< HTTP RESPONSE 200 {"content-type":"application/json; charset=UTF-8","vary":"X-Origin, Referer, Origin,Accept-Encoding","date":"Sun, 13 Feb 2022 19:13:05 GMT","server":"ESF","cache-control":"private","x-xss-protection":"0","x-frame-options":"SAMEORIGIN","x-content-type-options":"nosniff","alt-svc":"h3=\":443\"; ma=2592000,h3-29=\":443\"; ma=2592000,h3-Q050=\":443\"; ma=2592000,h3-Q046=\":443\"; ma=2592000,h3-Q043=\":443\"; ma=2592000,quic=\":443\"; ma=2592000; v=\"46,43\"","accept-ranges":"none","transfer-encoding":"chunked"}
[info] i  hosting[tesla-fffa2]: beginning deploy... 
[info] i  hosting[tesla-fffa2]: found 29 files in build 
[debug] [2022-02-13T19:13:03.609Z] > refreshing access token with scopes: []
[debug] [2022-02-13T19:13:03.609Z] >>> HTTP REQUEST POST https://www.googleapis.com/oauth2/v3/token  
 <request body omitted>
[debug] [2022-02-13T19:13:03.612Z] [hosting] hash cache [YnVpbGQ] stored for 29 files
[debug] [2022-02-13T19:13:03.613Z] [hosting][hash queue][FINAL] {"max":6,"min":1,"avg":1,"active":0,"complete":29,"success":29,"errored":0,"retried":0,"total":29,"elapsed":12}
[debug] [2022-02-13T19:13:03.964Z] <<< HTTP RESPONSE 200 {"date":"Sun, 13 Feb 2022 19:13:05 GMT","cache-control":"no-cache, no-store, max-age=0, must-revalidate","expires":"Mon, 01 Jan 1990 00:00:00 GMT","pragma":"no-cache","content-type":"application/json; charset=utf-8","vary":"X-Origin, Referer, Origin,Accept-Encoding","server":"scaffolding on HTTPServer2","x-xss-protection":"0","x-frame-options":"SAMEORIGIN","x-content-type-options":"nosniff","alt-svc":"h3=\":443\"; ma=2592000,h3-29=\":443\"; ma=2592000,h3-Q050=\":443\"; ma=2592000,h3-Q046=\":443\"; ma=2592000,h3-Q043=\":443\"; ma=2592000,quic=\":443\"; ma=2592000; v=\"46,43\"","accept-ranges":"none","transfer-encoding":"chunked"}
[debug] [2022-02-13T19:13:03.992Z] >>> [apiv2][query] POST https://firebasehosting.googleapis.com/v1beta1/sites/tesla-fffa2/versions/09f1ba1d2bc69880:populateFiles [none]
[debug] [2022-02-13T19:13:03.992Z] >>> [apiv2][body] POST https://firebasehosting.googleapis.com/v1beta1/sites/tesla-fffa2/versions/09f1ba1d2bc69880:populateFiles {"files":{"/asset-manifest.json":"543c4d057f81d812b8b0a5d041dd553253ad75ce7d02936b15858f198a6f6c08","/favicon.ico":"eae62e993eb980ec8a25058c39d5a51feab118bd2100c4deebb2a9c158ec11f9","/index.html":"bbdaeb13d834651253f786d7fd023a2eae442a2ad0094bfa1404cf2b1fb1ba7f","/logo192.png":"3ee59515172ee198f3be375979df15ac5345183e656720a381b8872b2a39dc8b","/logo512.png":"ee7e2f3fdb8209c4b6fd7bef6ba50d1b9dba30a25bb5c3126df057e1cb6f5331","/manifest.json":"aff3449bdc238776f5d6d967f19ec491b36aed5fb7f23ccff6500736fd58494a","/robots.txt":"bfe106a3fb878dc83461c86818bf74fc1bdc7f28538ba613cd3e775516ce8b49","/images/accessories.jpg":"44befa4c6dabfdd1366875421d2aa581211d8de7ca6a40908fea92a6387e780c","/images/audio.jpg":"2535dd89cca30d15bc23d0a89e3c6f81cf571bf7eaa1b0ce4fda97febd0260b1","/images/connected.jpg":"ab8d6a57e23f28331c3bf440039a458d101e31f66dbc45798751664f9205b600","/images/down-arrow.svg":"2afb511463b07a735ad8ba84ed6fcc877b9d863888fe829a1e58c773052fb0ce","/images/favicon.ico":"70263ff2b3b6bccc259616d23c425015b5f44055361264888eaa7b23ba410c02","/images/game.jpg":"2069a085c31e9374908bd3b1cf5025ab6f07b9f8d50e64272132ba11929fefd3","/images/logo.svg":"4481d711bd8da03b423c33b5ca3ea957c7e7559ccce5b8801e8e361a1ba2466f","/images/model-3.jpg":"00e08283d1cbbd52ab787d13c1093486e081389339136c5bac44dd79aa771062","/images/model-s.jpg":"2eec341ec2f5b758232776782fad421b2dd74f71a1460a1a092ef96e0844e1ec","/images/model-x.jpg":"6758617a211b8d6235afeb3dc831efaa3f347d2732fd9983323bd7e9434be014","/images/model-y.jpg":"f6bcaf407e504cc64d32408a956baeee119b857d0bbe60ba8c94649244cecb13","/images/new-interior.jpg":"aabe5f888464b9fb596cdc7be6b09f4148cc8cd7a758f61fe492075c2452282f","/images/solar-panel.jpg":"8d71d8050dcab99d5c910f2d06464bd2619dbe963b7c86df2329e1c2288c72e9","/images/solar-roof.jpg":"40420f1fa293a2cea48adff2dd64d412542081e58d859a5f20612e907077adfa","/static/css/main.773c769e.css":"bed6899ff0f22763d134fb7c23dc8448f20b02c2f4dc8548daf32b85317c766a","/static/css/main.773c769e.css.map":"1ed6deb997a9d190983e596e1d3e6d5ff24adbb386c6fa26389814bea5e80d2f","/static/js/787.3b70ba07.chunk.js":"45c99cbca6847a255c5d1dee80e87edd4a1599b33a04c1b45f35209252ac11d0","/static/js/787.3b70ba07.chunk.js.map":"941f2b80f7ad1a2c30b0e3b817c83ea11ebddabc029b2b82dfed7c6344ea9e83","/static/js/main.e2a5040b.js":"a176372c44d0e937c0b81fffe7bd24abfc327e0903fd594d8a21c2cc24322450","/static/js/main.e2a5040b.js.LICENSE.txt":"72ea39a13b9e8d7ef9d12f1bfd9a3243dd6bcc2166952e3c2cf083fa4b0144a2","/static/js/main.e2a5040b.js.map":"acef3045e78b920501c97146b897fa9e52946a91ae35b5cd19027ac875555998","/static/media/logo.6ce24c58023cc2f8fd88fe9d219db6c6.svg":"ac1a3d8899432561573d6a5cf56459437c09b902599a1deb91c0f8d4bb40459d"}}
[debug] [2022-02-13T19:13:06.109Z] <<< [apiv2][status] POST https://firebasehosting.googleapis.com/v1beta1/sites/tesla-fffa2/versions/09f1ba1d2bc69880:populateFiles 200
[debug] [2022-02-13T19:13:06.110Z] <<< [apiv2][body] POST https://firebasehosting.googleapis.com/v1beta1/sites/tesla-fffa2/versions/09f1ba1d2bc69880:populateFiles {"uploadRequiredHashes":["40420f1fa293a2cea48adff2dd64d412542081e58d859a5f20612e907077adfa","aabe5f888464b9fb596cdc7be6b09f4148cc8cd7a758f61fe492075c2452282f","f6bcaf407e504cc64d32408a956baeee119b857d0bbe60ba8c94649244cecb13","8d71d8050dcab99d5c910f2d06464bd2619dbe963b7c86df2329e1c2288c72e9","acef3045e78b920501c97146b897fa9e52946a91ae35b5cd19027ac875555998","00e08283d1cbbd52ab787d13c1093486e081389339136c5bac44dd79aa771062","6758617a211b8d6235afeb3dc831efaa3f347d2732fd9983323bd7e9434be014"],"uploadUrl":"https://upload-firebasehosting.googleapis.com/upload/sites/tesla-fffa2/versions/09f1ba1d2bc69880/files"}
[debug] [2022-02-13T19:13:06.112Z] >>> [apiv2][query] POST https://upload-firebasehosting.googleapis.com/upload/sites/tesla-fffa2/versions/09f1ba1d2bc69880/files/40420f1fa293a2cea48adff2dd64d412542081e58d859a5f20612e907077adfa [none]
[debug] [2022-02-13T19:13:06.113Z] >>> [apiv2][body] POST https://upload-firebasehosting.googleapis.com/upload/sites/tesla-fffa2/versions/09f1ba1d2bc69880/files/40420f1fa293a2cea48adff2dd64d412542081e58d859a5f20612e907077adfa [stream]
[debug] [2022-02-13T19:13:06.114Z] >>> [apiv2][query] POST https://upload-firebasehosting.googleapis.com/upload/sites/tesla-fffa2/versions/09f1ba1d2bc69880/files/aabe5f888464b9fb596cdc7be6b09f4148cc8cd7a758f61fe492075c2452282f [none]
[debug] [2022-02-13T19:13:06.115Z] >>> [apiv2][body] POST https://upload-firebasehosting.googleapis.com/upload/sites/tesla-fffa2/versions/09f1ba1d2bc69880/files/aabe5f888464b9fb596cdc7be6b09f4148cc8cd7a758f61fe492075c2452282f [stream]
[debug] [2022-02-13T19:13:06.119Z] >>> [apiv2][query] POST https://upload-firebasehosting.googleapis.com/upload/sites/tesla-fffa2/versions/09f1ba1d2bc69880/files/f6bcaf407e504cc64d32408a956baeee119b857d0bbe60ba8c94649244cecb13 [none]
[debug] [2022-02-13T19:13:06.119Z] >>> [apiv2][body] POST https://upload-firebasehosting.googleapis.com/upload/sites/tesla-fffa2/versions/09f1ba1d2bc69880/files/f6bcaf407e504cc64d32408a956baeee119b857d0bbe60ba8c94649244cecb13 [stream]
[debug] [2022-02-13T19:13:06.120Z] >>> [apiv2][query] POST https://upload-firebasehosting.googleapis.com/upload/sites/tesla-fffa2/versions/09f1ba1d2bc69880/files/8d71d8050dcab99d5c910f2d06464bd2619dbe963b7c86df2329e1c2288c72e9 [none]
[debug] [2022-02-13T19:13:06.120Z] >>> [apiv2][body] POST https://upload-firebasehosting.googleapis.com/upload/sites/tesla-fffa2/versions/09f1ba1d2bc69880/files/8d71d8050dcab99d5c910f2d06464bd2619dbe963b7c86df2329e1c2288c72e9 [stream]
[debug] [2022-02-13T19:13:06.121Z] >>> [apiv2][query] POST https://upload-firebasehosting.googleapis.com/upload/sites/tesla-fffa2/versions/09f1ba1d2bc69880/files/acef3045e78b920501c97146b897fa9e52946a91ae35b5cd19027ac875555998 [none]
[debug] [2022-02-13T19:13:06.122Z] >>> [apiv2][body] POST https://upload-firebasehosting.googleapis.com/upload/sites/tesla-fffa2/versions/09f1ba1d2bc69880/files/acef3045e78b920501c97146b897fa9e52946a91ae35b5cd19027ac875555998 [stream]
[debug] [2022-02-13T19:13:06.123Z] >>> [apiv2][query] POST https://upload-firebasehosting.googleapis.com/upload/sites/tesla-fffa2/versions/09f1ba1d2bc69880/files/00e08283d1cbbd52ab787d13c1093486e081389339136c5bac44dd79aa771062 [none]
[debug] [2022-02-13T19:13:06.123Z] >>> [apiv2][body] POST https://upload-firebasehosting.googleapis.com/upload/sites/tesla-fffa2/versions/09f1ba1d2bc69880/files/00e08283d1cbbd52ab787d13c1093486e081389339136c5bac44dd79aa771062 [stream]
[debug] [2022-02-13T19:13:06.124Z] >>> [apiv2][query] POST https://upload-firebasehosting.googleapis.com/upload/sites/tesla-fffa2/versions/09f1ba1d2bc69880/files/6758617a211b8d6235afeb3dc831efaa3f347d2732fd9983323bd7e9434be014 [none]
[debug] [2022-02-13T19:13:06.124Z] >>> [apiv2][body] POST https://upload-firebasehosting.googleapis.com/upload/sites/tesla-fffa2/versions/09f1ba1d2bc69880/files/6758617a211b8d6235afeb3dc831efaa3f347d2732fd9983323bd7e9434be014 [stream]
[debug] [2022-02-13T19:13:06.125Z] [hosting][populate queue][FINAL] {"max":2504,"min":2504,"avg":2504,"active":0,"complete":1,"success":1,"errored":0,"retried":0,"total":1,"elapsed":2517}
[debug] [2022-02-13T19:13:06.126Z] [hosting] uploads queued: 7
[debug] [2022-02-13T19:13:36.524Z] [uploadQueue] Retrying task 40420f1fa293a2cea48adff2dd64d412542081e58d859a5f20612e907077adfa
[debug] [2022-02-13T19:13:36.526Z] >>> [apiv2][query] POST https://upload-firebasehosting.googleapis.com/upload/sites/tesla-fffa2/versions/09f1ba1d2bc69880/files/40420f1fa293a2cea48adff2dd64d412542081e58d859a5f20612e907077adfa [none]
[debug] [2022-02-13T19:13:36.526Z] >>> [apiv2][body] POST https://upload-firebasehosting.googleapis.com/upload/sites/tesla-fffa2/versions/09f1ba1d2bc69880/files/40420f1fa293a2cea48adff2dd64d412542081e58d859a5f20612e907077adfa [stream]
[debug] [2022-02-13T19:13:36.529Z] [uploadQueue] Retrying task aabe5f888464b9fb596cdc7be6b09f4148cc8cd7a758f61fe492075c2452282f
[debug] [2022-02-13T19:13:36.530Z] >>> [apiv2][query] POST https://upload-firebasehosting.googleapis.com/upload/sites/tesla-fffa2/versions/09f1ba1d2bc69880/files/aabe5f888464b9fb596cdc7be6b09f4148cc8cd7a758f61fe492075c2452282f [none]
[debug] [2022-02-13T19:13:36.530Z] >>> [apiv2][body] POST https://upload-firebasehosting.googleapis.com/upload/sites/tesla-fffa2/versions/09f1ba1d2bc69880/files/aabe5f888464b9fb596cdc7be6b09f4148cc8cd7a758f61fe492075c2452282f [stream]
[debug] [2022-02-13T19:13:36.534Z] [uploadQueue] Retrying task f6bcaf407e504cc64d32408a956baeee119b857d0bbe60ba8c94649244cecb13
[debug] [2022-02-13T19:13:36.535Z] >>> [apiv2][query] POST https://upload-firebasehosting.googleapis.com/upload/sites/tesla-fffa2/versions/09f1ba1d2bc69880/files/f6bcaf407e504cc64d32408a956baeee119b857d0bbe60ba8c94649244cecb13 [none]
[debug] [2022-02-13T19:13:36.535Z] >>> [apiv2][body] POST https://upload-firebasehosting.googleapis.com/upload/sites/tesla-fffa2/versions/09f1ba1d2bc69880/files/f6bcaf407e504cc64d32408a956baeee119b857d0bbe60ba8c94649244cecb13 [stream]
[debug] [2022-02-13T19:13:36.540Z] [uploadQueue] Retrying task 8d71d8050dcab99d5c910f2d06464bd2619dbe963b7c86df2329e1c2288c72e9
[debug] [2022-02-13T19:13:36.541Z] >>> [apiv2][query] POST https://upload-firebasehosting.googleapis.com/upload/sites/tesla-fffa2/versions/09f1ba1d2bc69880/files/8d71d8050dcab99d5c910f2d06464bd2619dbe963b7c86df2329e1c2288c72e9 [none]
[debug] [2022-02-13T19:13:36.541Z] >>> [apiv2][body] POST https://upload-firebasehosting.googleapis.com/upload/sites/tesla-fffa2/versions/09f1ba1d2bc69880/files/8d71d8050dcab99d5c910f2d06464bd2619dbe963b7c86df2329e1c2288c72e9 [stream]
[debug] [2022-02-13T19:13:36.543Z] [uploadQueue] Retrying task acef3045e78b920501c97146b897fa9e52946a91ae35b5cd19027ac875555998
[debug] [2022-02-13T19:13:36.544Z] >>> [apiv2][query] POST https://upload-firebasehosting.googleapis.com/upload/sites/tesla-fffa2/versions/09f1ba1d2bc69880/files/acef3045e78b920501c97146b897fa9e52946a91ae35b5cd19027ac875555998 [none]
[debug] [2022-02-13T19:13:36.544Z] >>> [apiv2][body] POST https://upload-firebasehosting.googleapis.com/upload/sites/tesla-fffa2/versions/09f1ba1d2bc69880/files/acef3045e78b920501c97146b897fa9e52946a91ae35b5cd19027ac875555998 [stream]
[debug] [2022-02-13T19:13:36.546Z] [uploadQueue] Retrying task 00e08283d1cbbd52ab787d13c1093486e081389339136c5bac44dd79aa771062
[debug] [2022-02-13T19:13:36.547Z] >>> [apiv2][query] POST https://upload-firebasehosting.googleapis.com/upload/sites/tesla-fffa2/versions/09f1ba1d2bc69880/files/00e08283d1cbbd52ab787d13c1093486e081389339136c5bac44dd79aa771062 [none]
[debug] [2022-02-13T19:13:36.547Z] >>> [apiv2][body] POST https://upload-firebasehosting.googleapis.com/upload/sites/tesla-fffa2/versions/09f1ba1d2bc69880/files/00e08283d1cbbd52ab787d13c1093486e081389339136c5bac44dd79aa771062 [stream]
[debug] [2022-02-13T19:13:36.553Z] [uploadQueue] Retrying task 6758617a211b8d6235afeb3dc831efaa3f347d2732fd9983323bd7e9434be014
[debug] [2022-02-13T19:13:36.554Z] >>> [apiv2][query] POST https://upload-firebasehosting.googleapis.com/upload/sites/tesla-fffa2/versions/09f1ba1d2bc69880/files/6758617a211b8d6235afeb3dc831efaa3f347d2732fd9983323bd7e9434be014 [none]
[debug] [2022-02-13T19:13:36.554Z] >>> [apiv2][body] POST https://upload-firebasehosting.googleapis.com/upload/sites/tesla-fffa2/versions/09f1ba1d2bc69880/files/6758617a211b8d6235afeb3dc831efaa3f347d2732fd9983323bd7e9434be014 [stream]
[debug] [2022-02-13T19:14:07.346Z] [uploadQueue] Retrying task 40420f1fa293a2cea48adff2dd64d412542081e58d859a5f20612e907077adfa
[debug] [2022-02-13T19:14:07.348Z] >>> [apiv2][query] POST https://upload-firebasehosting.googleapis.com/upload/sites/tesla-fffa2/versions/09f1ba1d2bc69880/files/40420f1fa293a2cea48adff2dd64d412542081e58d859a5f20612e907077adfa [none]
[debug] [2022-02-13T19:14:07.348Z] >>> [apiv2][body] POST https://upload-firebasehosting.googleapis.com/upload/sites/tesla-fffa2/versions/09f1ba1d2bc69880/files/40420f1fa293a2cea48adff2dd64d412542081e58d859a5f20612e907077adfa [stream]
[debug] [2022-02-13T19:14:07.351Z] [uploadQueue] Retrying task aabe5f888464b9fb596cdc7be6b09f4148cc8cd7a758f61fe492075c2452282f
[debug] [2022-02-13T19:14:07.352Z] >>> [apiv2][query] POST https://upload-firebasehosting.googleapis.com/upload/sites/tesla-fffa2/versions/09f1ba1d2bc69880/files/aabe5f888464b9fb596cdc7be6b09f4148cc8cd7a758f61fe492075c2452282f [none]
[debug] [2022-02-13T19:14:07.353Z] >>> [apiv2][body] POST https://upload-firebasehosting.googleapis.com/upload/sites/tesla-fffa2/versions/09f1ba1d2bc69880/files/aabe5f888464b9fb596cdc7be6b09f4148cc8cd7a758f61fe492075c2452282f [stream]
[debug] [2022-02-13T19:14:07.355Z] [uploadQueue] Retrying task f6bcaf407e504cc64d32408a956baeee119b857d0bbe60ba8c94649244cecb13
[debug] [2022-02-13T19:14:07.356Z] >>> [apiv2][query] POST https://upload-firebasehosting.googleapis.com/upload/sites/tesla-fffa2/versions/09f1ba1d2bc69880/files/f6bcaf407e504cc64d32408a956baeee119b857d0bbe60ba8c94649244cecb13 [none]
[debug] [2022-02-13T19:14:07.356Z] >>> [apiv2][body] POST https://upload-firebasehosting.googleapis.com/upload/sites/tesla-fffa2/versions/09f1ba1d2bc69880/files/f6bcaf407e504cc64d32408a956baeee119b857d0bbe60ba8c94649244cecb13 [stream]
[debug] [2022-02-13T19:14:07.358Z] [uploadQueue] Retrying task 8d71d8050dcab99d5c910f2d06464bd2619dbe963b7c86df2329e1c2288c72e9
[debug] [2022-02-13T19:14:07.359Z] >>> [apiv2][query] POST https://upload-firebasehosting.googleapis.com/upload/sites/tesla-fffa2/versions/09f1ba1d2bc69880/files/8d71d8050dcab99d5c910f2d06464bd2619dbe963b7c86df2329e1c2288c72e9 [none]
[debug] [2022-02-13T19:14:07.359Z] >>> [apiv2][body] POST https://upload-firebasehosting.googleapis.com/upload/sites/tesla-fffa2/versions/09f1ba1d2bc69880/files/8d71d8050dcab99d5c910f2d06464bd2619dbe963b7c86df2329e1c2288c72e9 [stream]
[debug] [2022-02-13T19:14:07.370Z] [uploadQueue] Retrying task acef3045e78b920501c97146b897fa9e52946a91ae35b5cd19027ac875555998
[debug] [2022-02-13T19:14:07.371Z] >>> [apiv2][query] POST https://upload-firebasehosting.googleapis.com/upload/sites/tesla-fffa2/versions/09f1ba1d2bc69880/files/acef3045e78b920501c97146b897fa9e52946a91ae35b5cd19027ac875555998 [none]
[debug] [2022-02-13T19:14:07.371Z] >>> [apiv2][body] POST https://upload-firebasehosting.googleapis.com/upload/sites/tesla-fffa2/versions/09f1ba1d2bc69880/files/acef3045e78b920501c97146b897fa9e52946a91ae35b5cd19027ac875555998 [stream]
[debug] [2022-02-13T19:14:07.375Z] [uploadQueue] Retrying task 00e08283d1cbbd52ab787d13c1093486e081389339136c5bac44dd79aa771062
[debug] [2022-02-13T19:14:07.376Z] >>> [apiv2][query] POST https://upload-firebasehosting.googleapis.com/upload/sites/tesla-fffa2/versions/09f1ba1d2bc69880/files/00e08283d1cbbd52ab787d13c1093486e081389339136c5bac44dd79aa771062 [none]
[debug] [2022-02-13T19:14:07.376Z] >>> [apiv2][body] POST https://upload-firebasehosting.googleapis.com/upload/sites/tesla-fffa2/versions/09f1ba1d2bc69880/files/00e08283d1cbbd52ab787d13c1093486e081389339136c5bac44dd79aa771062 [stream]
[debug] [2022-02-13T19:14:07.382Z] [uploadQueue] Retrying task 6758617a211b8d6235afeb3dc831efaa3f347d2732fd9983323bd7e9434be014
[debug] [2022-02-13T19:14:07.383Z] >>> [apiv2][query] POST https://upload-firebasehosting.googleapis.com/upload/sites/tesla-fffa2/versions/09f1ba1d2bc69880/files/6758617a211b8d6235afeb3dc831efaa3f347d2732fd9983323bd7e9434be014 [none]
[debug] [2022-02-13T19:14:07.383Z] >>> [apiv2][body] POST https://upload-firebasehosting.googleapis.com/upload/sites/tesla-fffa2/versions/09f1ba1d2bc69880/files/6758617a211b8d6235afeb3dc831efaa3f347d2732fd9983323bd7e9434be014 [stream]
[debug] [2022-02-13T19:14:38.967Z] [uploadQueue] Retrying task 40420f1fa293a2cea48adff2dd64d412542081e58d859a5f20612e907077adfa
[debug] [2022-02-13T19:14:38.968Z] >>> [apiv2][query] POST https://upload-firebasehosting.googleapis.com/upload/sites/tesla-fffa2/versions/09f1ba1d2bc69880/files/40420f1fa293a2cea48adff2dd64d412542081e58d859a5f20612e907077adfa [none]
[debug] [2022-02-13T19:14:38.968Z] >>> [apiv2][body] POST https://upload-firebasehosting.googleapis.com/upload/sites/tesla-fffa2/versions/09f1ba1d2bc69880/files/40420f1fa293a2cea48adff2dd64d412542081e58d859a5f20612e907077adfa [stream]
[debug] [2022-02-13T19:14:38.970Z] [uploadQueue] Retrying task aabe5f888464b9fb596cdc7be6b09f4148cc8cd7a758f61fe492075c2452282f
[debug] [2022-02-13T19:14:38.970Z] >>> [apiv2][query] POST https://upload-firebasehosting.googleapis.com/upload/sites/tesla-fffa2/versions/09f1ba1d2bc69880/files/aabe5f888464b9fb596cdc7be6b09f4148cc8cd7a758f61fe492075c2452282f [none]
[debug] [2022-02-13T19:14:38.971Z] >>> [apiv2][body] POST https://upload-firebasehosting.googleapis.com/upload/sites/tesla-fffa2/versions/09f1ba1d2bc69880/files/aabe5f888464b9fb596cdc7be6b09f4148cc8cd7a758f61fe492075c2452282f [stream]
[debug] [2022-02-13T19:14:38.972Z] [uploadQueue] Retrying task f6bcaf407e504cc64d32408a956baeee119b857d0bbe60ba8c94649244cecb13
[debug] [2022-02-13T19:14:38.972Z] >>> [apiv2][query] POST https://upload-firebasehosting.googleapis.com/upload/sites/tesla-fffa2/versions/09f1ba1d2bc69880/files/f6bcaf407e504cc64d32408a956baeee119b857d0bbe60ba8c94649244cecb13 [none]
[debug] [2022-02-13T19:14:38.972Z] >>> [apiv2][body] POST https://upload-firebasehosting.googleapis.com/upload/sites/tesla-fffa2/versions/09f1ba1d2bc69880/files/f6bcaf407e504cc64d32408a956baeee119b857d0bbe60ba8c94649244cecb13 [stream]
[debug] [2022-02-13T19:14:38.974Z] [uploadQueue] Retrying task 8d71d8050dcab99d5c910f2d06464bd2619dbe963b7c86df2329e1c2288c72e9
[debug] [2022-02-13T19:14:38.974Z] >>> [apiv2][query] POST https://upload-firebasehosting.googleapis.com/upload/sites/tesla-fffa2/versions/09f1ba1d2bc69880/files/8d71d8050dcab99d5c910f2d06464bd2619dbe963b7c86df2329e1c2288c72e9 [none]
[debug] [2022-02-13T19:14:38.974Z] >>> [apiv2][body] POST https://upload-firebasehosting.googleapis.com/upload/sites/tesla-fffa2/versions/09f1ba1d2bc69880/files/8d71d8050dcab99d5c910f2d06464bd2619dbe963b7c86df2329e1c2288c72e9 [stream]
[debug] [2022-02-13T19:14:38.976Z] [uploadQueue] Retrying task acef3045e78b920501c97146b897fa9e52946a91ae35b5cd19027ac875555998
[debug] [2022-02-13T19:14:38.977Z] >>> [apiv2][query] POST https://upload-firebasehosting.googleapis.com/upload/sites/tesla-fffa2/versions/09f1ba1d2bc69880/files/acef3045e78b920501c97146b897fa9e52946a91ae35b5cd19027ac875555998 [none]
[debug] [2022-02-13T19:14:38.977Z] >>> [apiv2][body] POST https://upload-firebasehosting.googleapis.com/upload/sites/tesla-fffa2/versions/09f1ba1d2bc69880/files/acef3045e78b920501c97146b897fa9e52946a91ae35b5cd19027ac875555998 [stream]
[debug] [2022-02-13T19:14:38.981Z] [uploadQueue] Retrying task 00e08283d1cbbd52ab787d13c1093486e081389339136c5bac44dd79aa771062
[debug] [2022-02-13T19:14:38.983Z] >>> [apiv2][query] POST https://upload-firebasehosting.googleapis.com/upload/sites/tesla-fffa2/versions/09f1ba1d2bc69880/files/00e08283d1cbbd52ab787d13c1093486e081389339136c5bac44dd79aa771062 [none]
[debug] [2022-02-13T19:14:38.983Z] >>> [apiv2][body] POST https://upload-firebasehosting.googleapis.com/upload/sites/tesla-fffa2/versions/09f1ba1d2bc69880/files/00e08283d1cbbd52ab787d13c1093486e081389339136c5bac44dd79aa771062 [stream]
[debug] [2022-02-13T19:14:38.987Z] [uploadQueue] Retrying task 6758617a211b8d6235afeb3dc831efaa3f347d2732fd9983323bd7e9434be014
[debug] [2022-02-13T19:14:38.988Z] >>> [apiv2][query] POST https://upload-firebasehosting.googleapis.com/upload/sites/tesla-fffa2/versions/09f1ba1d2bc69880/files/6758617a211b8d6235afeb3dc831efaa3f347d2732fd9983323bd7e9434be014 [none]
[debug] [2022-02-13T19:14:38.988Z] >>> [apiv2][body] POST https://upload-firebasehosting.googleapis.com/upload/sites/tesla-fffa2/versions/09f1ba1d2bc69880/files/6758617a211b8d6235afeb3dc831efaa3f347d2732fd9983323bd7e9434be014 [stream]
[debug] [2022-02-13T19:15:12.186Z] [uploadQueue] Retrying task 40420f1fa293a2cea48adff2dd64d412542081e58d859a5f20612e907077adfa
[debug] [2022-02-13T19:15:12.187Z] >>> [apiv2][query] POST https://upload-firebasehosting.googleapis.com/upload/sites/tesla-fffa2/versions/09f1ba1d2bc69880/files/40420f1fa293a2cea48adff2dd64d412542081e58d859a5f20612e907077adfa [none]
[debug] [2022-02-13T19:15:12.187Z] >>> [apiv2][body] POST https://upload-firebasehosting.googleapis.com/upload/sites/tesla-fffa2/versions/09f1ba1d2bc69880/files/40420f1fa293a2cea48adff2dd64d412542081e58d859a5f20612e907077adfa [stream]
[debug] [2022-02-13T19:15:12.188Z] [uploadQueue] Retrying task aabe5f888464b9fb596cdc7be6b09f4148cc8cd7a758f61fe492075c2452282f
[debug] [2022-02-13T19:15:12.188Z] >>> [apiv2][query] POST https://upload-firebasehosting.googleapis.com/upload/sites/tesla-fffa2/versions/09f1ba1d2bc69880/files/aabe5f888464b9fb596cdc7be6b09f4148cc8cd7a758f61fe492075c2452282f [none]
[debug] [2022-02-13T19:15:12.188Z] >>> [apiv2][body] POST https://upload-firebasehosting.googleapis.com/upload/sites/tesla-fffa2/versions/09f1ba1d2bc69880/files/aabe5f888464b9fb596cdc7be6b09f4148cc8cd7a758f61fe492075c2452282f [stream]
[debug] [2022-02-13T19:15:12.189Z] [uploadQueue] Retrying task f6bcaf407e504cc64d32408a956baeee119b857d0bbe60ba8c94649244cecb13
[debug] [2022-02-13T19:15:12.189Z] >>> [apiv2][query] POST https://upload-firebasehosting.googleapis.com/upload/sites/tesla-fffa2/versions/09f1ba1d2bc69880/files/f6bcaf407e504cc64d32408a956baeee119b857d0bbe60ba8c94649244cecb13 [none]
[debug] [2022-02-13T19:15:12.189Z] >>> [apiv2][body] POST https://upload-firebasehosting.googleapis.com/upload/sites/tesla-fffa2/versions/09f1ba1d2bc69880/files/f6bcaf407e504cc64d32408a956baeee119b857d0bbe60ba8c94649244cecb13 [stream]
[debug] [2022-02-13T19:15:12.194Z] [uploadQueue] Retrying task 8d71d8050dcab99d5c910f2d06464bd2619dbe963b7c86df2329e1c2288c72e9
[debug] [2022-02-13T19:15:12.195Z] >>> [apiv2][query] POST https://upload-firebasehosting.googleapis.com/upload/sites/tesla-fffa2/versions/09f1ba1d2bc69880/files/8d71d8050dcab99d5c910f2d06464bd2619dbe963b7c86df2329e1c2288c72e9 [none]
[debug] [2022-02-13T19:15:12.195Z] >>> [apiv2][body] POST https://upload-firebasehosting.googleapis.com/upload/sites/tesla-fffa2/versions/09f1ba1d2bc69880/files/8d71d8050dcab99d5c910f2d06464bd2619dbe963b7c86df2329e1c2288c72e9 [stream]
[debug] [2022-02-13T19:15:12.196Z] [uploadQueue] Retrying task acef3045e78b920501c97146b897fa9e52946a91ae35b5cd19027ac875555998
[debug] [2022-02-13T19:15:12.196Z] >>> [apiv2][query] POST https://upload-firebasehosting.googleapis.com/upload/sites/tesla-fffa2/versions/09f1ba1d2bc69880/files/acef3045e78b920501c97146b897fa9e52946a91ae35b5cd19027ac875555998 [none]
[debug] [2022-02-13T19:15:12.196Z] >>> [apiv2][body] POST https://upload-firebasehosting.googleapis.com/upload/sites/tesla-fffa2/versions/09f1ba1d2bc69880/files/acef3045e78b920501c97146b897fa9e52946a91ae35b5cd19027ac875555998 [stream]
[debug] [2022-02-13T19:15:12.197Z] [uploadQueue] Retrying task 00e08283d1cbbd52ab787d13c1093486e081389339136c5bac44dd79aa771062
[debug] [2022-02-13T19:15:12.197Z] >>> [apiv2][query] POST https://upload-firebasehosting.googleapis.com/upload/sites/tesla-fffa2/versions/09f1ba1d2bc69880/files/00e08283d1cbbd52ab787d13c1093486e081389339136c5bac44dd79aa771062 [none]
[debug] [2022-02-13T19:15:12.197Z] >>> [apiv2][body] POST https://upload-firebasehosting.googleapis.com/upload/sites/tesla-fffa2/versions/09f1ba1d2bc69880/files/00e08283d1cbbd52ab787d13c1093486e081389339136c5bac44dd79aa771062 [stream]
[debug] [2022-02-13T19:15:12.198Z] [uploadQueue] Retrying task 6758617a211b8d6235afeb3dc831efaa3f347d2732fd9983323bd7e9434be014
[debug] [2022-02-13T19:15:12.198Z] >>> [apiv2][query] POST https://upload-firebasehosting.googleapis.com/upload/sites/tesla-fffa2/versions/09f1ba1d2bc69880/files/6758617a211b8d6235afeb3dc831efaa3f347d2732fd9983323bd7e9434be014 [none]
[debug] [2022-02-13T19:15:12.198Z] >>> [apiv2][body] POST https://upload-firebasehosting.googleapis.com/upload/sites/tesla-fffa2/versions/09f1ba1d2bc69880/files/6758617a211b8d6235afeb3dc831efaa3f347d2732fd9983323bd7e9434be014 [stream]
[debug] [2022-02-13T19:15:48.598Z] [uploadQueue] Retrying task 40420f1fa293a2cea48adff2dd64d412542081e58d859a5f20612e907077adfa
[debug] [2022-02-13T19:15:48.600Z] >>> [apiv2][query] POST https://upload-firebasehosting.googleapis.com/upload/sites/tesla-fffa2/versions/09f1ba1d2bc69880/files/40420f1fa293a2cea48adff2dd64d412542081e58d859a5f20612e907077adfa [none]
[debug] [2022-02-13T19:15:48.600Z] >>> [apiv2][body] POST https://upload-firebasehosting.googleapis.com/upload/sites/tesla-fffa2/versions/09f1ba1d2bc69880/files/40420f1fa293a2cea48adff2dd64d412542081e58d859a5f20612e907077adfa [stream]
[debug] [2022-02-13T19:15:48.605Z] [uploadQueue] Retrying task aabe5f888464b9fb596cdc7be6b09f4148cc8cd7a758f61fe492075c2452282f
[debug] [2022-02-13T19:15:48.606Z] >>> [apiv2][query] POST https://upload-firebasehosting.googleapis.com/upload/sites/tesla-fffa2/versions/09f1ba1d2bc69880/files/aabe5f888464b9fb596cdc7be6b09f4148cc8cd7a758f61fe492075c2452282f [none]
[debug] [2022-02-13T19:15:48.606Z] >>> [apiv2][body] POST https://upload-firebasehosting.googleapis.com/upload/sites/tesla-fffa2/versions/09f1ba1d2bc69880/files/aabe5f888464b9fb596cdc7be6b09f4148cc8cd7a758f61fe492075c2452282f [stream]
[debug] [2022-02-13T19:15:48.607Z] [uploadQueue] Retrying task f6bcaf407e504cc64d32408a956baeee119b857d0bbe60ba8c94649244cecb13
[debug] [2022-02-13T19:15:48.607Z] >>> [apiv2][query] POST https://upload-firebasehosting.googleapis.com/upload/sites/tesla-fffa2/versions/09f1ba1d2bc69880/files/f6bcaf407e504cc64d32408a956baeee119b857d0bbe60ba8c94649244cecb13 [none]
[debug] [2022-02-13T19:15:48.607Z] >>> [apiv2][body] POST https://upload-firebasehosting.googleapis.com/upload/sites/tesla-fffa2/versions/09f1ba1d2bc69880/files/f6bcaf407e504cc64d32408a956baeee119b857d0bbe60ba8c94649244cecb13 [stream]
[debug] [2022-02-13T19:15:48.608Z] [uploadQueue] Retrying task 8d71d8050dcab99d5c910f2d06464bd2619dbe963b7c86df2329e1c2288c72e9
[debug] [2022-02-13T19:15:48.609Z] >>> [apiv2][query] POST https://upload-firebasehosting.googleapis.com/upload/sites/tesla-fffa2/versions/09f1ba1d2bc69880/files/8d71d8050dcab99d5c910f2d06464bd2619dbe963b7c86df2329e1c2288c72e9 [none]
[debug] [2022-02-13T19:15:48.609Z] >>> [apiv2][body] POST https://upload-firebasehosting.googleapis.com/upload/sites/tesla-fffa2/versions/09f1ba1d2bc69880/files/8d71d8050dcab99d5c910f2d06464bd2619dbe963b7c86df2329e1c2288c72e9 [stream]
[debug] [2022-02-13T19:15:48.610Z] [uploadQueue] Retrying task acef3045e78b920501c97146b897fa9e52946a91ae35b5cd19027ac875555998
[debug] [2022-02-13T19:15:48.612Z] >>> [apiv2][query] POST https://upload-firebasehosting.googleapis.com/upload/sites/tesla-fffa2/versions/09f1ba1d2bc69880/files/acef3045e78b920501c97146b897fa9e52946a91ae35b5cd19027ac875555998 [none]
[debug] [2022-02-13T19:15:48.613Z] >>> [apiv2][body] POST https://upload-firebasehosting.googleapis.com/upload/sites/tesla-fffa2/versions/09f1ba1d2bc69880/files/acef3045e78b920501c97146b897fa9e52946a91ae35b5cd19027ac875555998 [stream]
[debug] [2022-02-13T19:15:48.615Z] [uploadQueue] Retrying task 00e08283d1cbbd52ab787d13c1093486e081389339136c5bac44dd79aa771062
[debug] [2022-02-13T19:15:48.616Z] >>> [apiv2][query] POST https://upload-firebasehosting.googleapis.com/upload/sites/tesla-fffa2/versions/09f1ba1d2bc69880/files/00e08283d1cbbd52ab787d13c1093486e081389339136c5bac44dd79aa771062 [none]
[debug] [2022-02-13T19:15:48.616Z] >>> [apiv2][body] POST https://upload-firebasehosting.googleapis.com/upload/sites/tesla-fffa2/versions/09f1ba1d2bc69880/files/00e08283d1cbbd52ab787d13c1093486e081389339136c5bac44dd79aa771062 [stream]
[debug] [2022-02-13T19:15:48.618Z] [uploadQueue] Retrying task 6758617a211b8d6235afeb3dc831efaa3f347d2732fd9983323bd7e9434be014
[debug] [2022-02-13T19:15:48.619Z] >>> [apiv2][query] POST https://upload-firebasehosting.googleapis.com/upload/sites/tesla-fffa2/versions/09f1ba1d2bc69880/files/6758617a211b8d6235afeb3dc831efaa3f347d2732fd9983323bd7e9434be014 [none]
[debug] [2022-02-13T19:15:48.619Z] >>> [apiv2][body] POST https://upload-firebasehosting.googleapis.com/upload/sites/tesla-fffa2/versions/09f1ba1d2bc69880/files/6758617a211b8d6235afeb3dc831efaa3f347d2732fd9983323bd7e9434be014 [stream]
